larkplayer/build/intermediates/manifest_merge_blame_file/debug/manifest-merger-blame-debug-report.txt
1<?xml version="1.0" encoding="utf-8"?>
2<manifest xmlns:android="http://schemas.android.com/apk/res/android"
3    package="com.chen.larkplayer"
4    android:versionCode="2"
5    android:versionName="1.0.0" >
6
7    <uses-sdk
8        android:minSdkVersion="16"
8-->src/main/AndroidManifest.xml
9        android:targetSdkVersion="28" />
9-->src/main/AndroidManifest.xml
10
11    <uses-permission android:name="android.permission.WRITE_EXTERNAL_STORAGE" />
11-->src/main/AndroidManifest.xml:3:5-80
11-->src/main/AndroidManifest.xml:3:22-78
12    <uses-permission android:name="android.permission.READ_EXTERNAL_STORAGE" />
12-->src/main/AndroidManifest.xml:4:5-79
12-->src/main/AndroidManifest.xml:4:22-77
13    <uses-permission android:name="android.permission.INTERNET" />
13-->src/main/AndroidManifest.xml:5:5-67
13-->src/main/AndroidManifest.xml:5:22-64
14
15    <application
15-->src/main/AndroidManifest.xml:7:5-19:19
16        android:allowBackup="true"
16-->src/main/AndroidManifest.xml:8:9-35
17        android:icon="@mipmap/ic_launcher"
17-->src/main/AndroidManifest.xml:9:9-43
18        android:label="@string/app_name"
18-->src/main/AndroidManifest.xml:10:9-41
19        android:roundIcon="@mipmap/ic_launcher_round"
19-->src/main/AndroidManifest.xml:11:9-54
20        android:supportsRtl="true" >
20-->src/main/AndroidManifest.xml:12:9-35
21        <activity android:name="com.chen.larkplayer.mvvm.main.LarkPlayerActivity" />
21-->src/main/AndroidManifest.xml:13:9-65
21-->src/main/AndroidManifest.xml:13:19-63
22
23        <meta-data
23-->src/main/AndroidManifest.xml:16:9-18:45
24            android:name="com.chen.larkplayer.base.LarkApp"
24-->src/main/AndroidManifest.xml:17:13-60
25            android:value="IModuleConfig" />
25-->src/main/AndroidManifest.xml:18:13-42
26    </application>
27
28</manifest>